[27-Oct-2025 18:24:49 Europe/Berlin]  Error: LogoutModel no se pudo cargar. Ruta esperada: models/principal/LogoutModel.php
[27-Oct-2025 18:33:39 Europe/Berlin]  Error: OlvideContrasenaModel no se pudo cargar. Ruta esperada: models/principal/OlvideContrasenaModel.php
[27-Oct-2025 18:34:26 Europe/Berlin] Intentando enviar email a: testprueba@gmail.com
Asunto: Bienvenido a StarHotelHub - Confirmación de Registro
Driver: smtp
SMTP Host: smtp.gmail.com
SMTP Port: 587
SMTP User: starhotelhub@gmail.com

[27-Oct-2025 18:34:29 Europe/Berlin]  Error al enviar email a testprueba@gmail.com: SMTP Error: Could not authenticate.
PHPMailer Error: SMTP Error: Could not authenticate.

[27-Oct-2025 18:34:29 Europe/Berlin] Error al enviar email de registro: SMTP Error: Could not authenticate.
[27-Oct-2025 18:34:48 Europe/Berlin]  Error: ClienteModel no se pudo cargar. Ruta esperada: models/principal/ClienteModel.php
[27-Oct-2025 18:38:35 Europe/Berlin]  Error: OlvideContrasenaModel no se pudo cargar. Ruta esperada: models/principal/OlvideContrasenaModel.php
[27-Oct-2025 18:38:53 Europe/Berlin]  Error: OlvideContrasenaModel no se pudo cargar. Ruta esperada: models/principal/OlvideContrasenaModel.php
[27-Oct-2025 18:38:57 Europe/Berlin]  Error: OlvideContrasenaModel no se pudo cargar. Ruta esperada: models/principal/OlvideContrasenaModel.php
[27-Oct-2025 18:39:02 Europe/Berlin]  Error: OlvideContrasenaModel no se pudo cargar. Ruta esperada: models/principal/OlvideContrasenaModel.php
[27-Oct-2025 18:39:12 Europe/Berlin]  Error: OlvideContrasenaModel no se pudo cargar. Ruta esperada: models/principal/OlvideContrasenaModel.php
[27-Oct-2025 18:39:23 Europe/Berlin]  Error: OlvideContrasenaModel no se pudo cargar. Ruta esperada: models/principal/OlvideContrasenaModel.php
[27-Oct-2025 18:41:21 Europe/Berlin]  Error: OlvideContrasenaModel no se pudo cargar. Ruta esperada: models/principal/OlvideContrasenaModel.php
[27-Oct-2025 18:41:24 Europe/Berlin]  Error: OlvideContrasenaModel no se pudo cargar. Ruta esperada: models/principal/OlvideContrasenaModel.php
[27-Oct-2025 18:41:50 Europe/Berlin]  Error: OlvideContrasenaModel no se pudo cargar. Ruta esperada: models/principal/OlvideContrasenaModel.php
[27-Oct-2025 18:41:51 Europe/Berlin] Intentando enviar email a: Juanesab423@gmail.com
Asunto: Recuperación de Contraseña - StarHotelHub
Driver: smtp
SMTP Host: smtp.gmail.com
SMTP Port: 587
SMTP User: starhotelhub@gmail.com

[27-Oct-2025 18:41:54 Europe/Berlin]  Error al enviar email a Juanesab423@gmail.com: SMTP Error: Could not authenticate.
PHPMailer Error: SMTP Error: Could not authenticate.

[27-Oct-2025 18:41:54 Europe/Berlin] Error al enviar email de recuperación: SMTP Error: Could not authenticate.
[27-Oct-2025 18:45:27 Europe/Berlin]  Error: AdminModel no se pudo cargar. Ruta esperada: models/admin/AdminModel.php
[27-Oct-2025 18:45:29 Europe/Berlin]  Error: AdminModel no se pudo cargar. Ruta esperada: models/admin/AdminModel.php
[27-Oct-2025 18:45:37 Europe/Berlin]  Error: PerfilModel no se pudo cargar. Ruta esperada: models/admin/PerfilModel.php
[27-Oct-2025 18:45:45 Europe/Berlin]  Error: PerfilModel no se pudo cargar. Ruta esperada: models/admin/PerfilModel.php
[27-Oct-2025 18:45:45 Europe/Berlin] PHP Fatal error:  Uncaught Error: Call to undefined method UsuariosModel::getClaveActual() in C:\xampp\htdocs\Starhotelhub\controllers\Admin\perfil.php:63
Stack trace:
#0 C:\xampp\htdocs\Starhotelhub\index.php(102): Perfil->cambiarClave()
#1 {main}
  thrown in C:\xampp\htdocs\Starhotelhub\controllers\Admin\perfil.php on line 63
[27-Oct-2025 18:47:20 Europe/Berlin]  Error: PerfilModel no se pudo cargar. Ruta esperada: models/admin/PerfilModel.php
[27-Oct-2025 18:47:20 Europe/Berlin] PHP Fatal error:  Uncaught Error: Call to undefined method UsuariosModel::getClaveActual() in C:\xampp\htdocs\Starhotelhub\controllers\Admin\perfil.php:63
Stack trace:
#0 C:\xampp\htdocs\Starhotelhub\index.php(102): Perfil->cambiarClave()
#1 {main}
  thrown in C:\xampp\htdocs\Starhotelhub\controllers\Admin\perfil.php on line 63
[27-Oct-2025 19:16:13 Europe/Berlin]  Error: PerfilModel no se pudo cargar. Ruta esperada: models/admin/PerfilModel.php
[27-Oct-2025 19:18:30 Europe/Berlin]  Error: PerfilModel no se pudo cargar. Ruta esperada: models/admin/PerfilModel.php
[27-Oct-2025 19:18:49 Europe/Berlin]  Error: PerfilModel no se pudo cargar. Ruta esperada: models/admin/PerfilModel.php
[27-Oct-2025 19:51:51 Europe/Berlin]  Error: OlvideContrasenaModel no se pudo cargar. Ruta esperada: models/principal/OlvideContrasenaModel.php
[27-Oct-2025 19:53:19 Europe/Berlin]  Error: AdminModel no se pudo cargar. Ruta esperada: models/admin/AdminModel.php
[27-Oct-2025 19:53:20 Europe/Berlin]  Error: AdminModel no se pudo cargar. Ruta esperada: models/admin/AdminModel.php
[27-Oct-2025 19:53:35 Europe/Berlin]  Error: PerfilModel no se pudo cargar. Ruta esperada: models/admin/PerfilModel.php
[27-Oct-2025 19:53:43 Europe/Berlin]  Error: PerfilModel no se pudo cargar. Ruta esperada: models/admin/PerfilModel.php
[28-Oct-2025 02:49:48 Europe/Berlin] [DEBUG] Registro::crear - session_id=reph484f2m94cb3ul2f3f8r78a POST_csrf=b5c186e4ae9622b95422d21d3d7275ad5490348bd0e0f2af4bd20fe1ff073f8e SESSION_csrf=b5c186e4ae9622b95422d21d3d7275ad5490348bd0e0f2af4bd20fe1ff073f8e
[28-Oct-2025 02:49:58 Europe/Berlin] [DEBUG] Registro::crear - session_id=reph484f2m94cb3ul2f3f8r78a POST_csrf=b5c186e4ae9622b95422d21d3d7275ad5490348bd0e0f2af4bd20fe1ff073f8e SESSION_csrf=null
[28-Oct-2025 02:50:01 Europe/Berlin] [DEBUG] Registro::crear - session_id=reph484f2m94cb3ul2f3f8r78a POST_csrf=b5c186e4ae9622b95422d21d3d7275ad5490348bd0e0f2af4bd20fe1ff073f8e SESSION_csrf=null
[28-Oct-2025 02:50:04 Europe/Berlin] [DEBUG] Registro::crear - session_id=reph484f2m94cb3ul2f3f8r78a POST_csrf=b5c186e4ae9622b95422d21d3d7275ad5490348bd0e0f2af4bd20fe1ff073f8e SESSION_csrf=null
[28-Oct-2025 02:50:04 Europe/Berlin] [DEBUG] Registro::crear - session_id=reph484f2m94cb3ul2f3f8r78a POST_csrf=b5c186e4ae9622b95422d21d3d7275ad5490348bd0e0f2af4bd20fe1ff073f8e SESSION_csrf=null
[28-Oct-2025 02:50:29 Europe/Berlin] [DEBUG] Registro::crear - session_id=reph484f2m94cb3ul2f3f8r78a POST_csrf=fb11b948214c6b8c6c109a2872400b018c9d2c562a45a42c996a4e85cefc362d SESSION_csrf=fb11b948214c6b8c6c109a2872400b018c9d2c562a45a42c996a4e85cefc362d
[28-Oct-2025 02:50:29 Europe/Berlin] Intentando enviar email a: Juanesab230403@gmail.com
Asunto: Bienvenido a StarHotelHub - Confirmación de Registro
Driver: smtp
SMTP Host: smtp.gmail.com
SMTP Port: 587
SMTP User: starhotelhub@gmail.com

[28-Oct-2025 02:50:34 Europe/Berlin]  Email enviado exitosamente a: Juanesab230403@gmail.com
[27-Oct-2025 22:46:20 America/Bogota]  Error: OlvideContrasenaModel no se pudo cargar. Ruta esperada: models/principal/OlvideContrasenaModel.php
[27-Oct-2025 22:46:29 America/Bogota]  Error: OlvideContrasenaModel no se pudo cargar. Ruta esperada: models/principal/OlvideContrasenaModel.php
[27-Oct-2025 22:46:29 America/Bogota] Intentando enviar email a: Hwilliamac@gmail.com
Asunto: Recuperación de Contraseña - StarHotelHub
Driver: smtp
SMTP Host: smtp.gmail.com
SMTP Port: 587
SMTP User: starhotelhub@gmail.com

[27-Oct-2025 22:46:32 America/Bogota] ❌ Error al enviar email a Hwilliamac@gmail.com: SMTP Error: Could not authenticate.
PHPMailer Error: SMTP Error: Could not authenticate.

[27-Oct-2025 22:46:32 America/Bogota] Intentando fallback a mail() para: Hwilliamac@gmail.com
[27-Oct-2025 22:46:34 America/Bogota] ❌ Fallback mail() también falló para Hwilliamac@gmail.com: Could not instantiate mail function.
[27-Oct-2025 22:46:34 America/Bogota] Error al enviar email de recuperación: SMTP Error: Could not authenticate.
[27-Oct-2025 23:01:49 America/Bogota]  Error: OlvideContrasenaModel no se pudo cargar. Ruta esperada: models/principal/OlvideContrasenaModel.php
[27-Oct-2025 23:02:03 America/Bogota]  Error: OlvideContrasenaModel no se pudo cargar. Ruta esperada: models/principal/OlvideContrasenaModel.php
[27-Oct-2025 23:02:04 America/Bogota] Intentando enviar email a: Hwilliamac@gmail.com
Asunto: Recuperación de Contraseña - StarHotelHub
Driver: smtp
SMTP Host: smtp.gmail.com
SMTP Port: 587
SMTP User: starhotelhub@gmail.com

[27-Oct-2025 23:02:06 America/Bogota] ❌ Error al enviar email a Hwilliamac@gmail.com: SMTP Error: Could not authenticate.
PHPMailer Error: SMTP Error: Could not authenticate.

[27-Oct-2025 23:02:06 America/Bogota] Intentando fallback a mail() para: Hwilliamac@gmail.com
[27-Oct-2025 23:02:08 America/Bogota] ❌ Fallback mail() también falló para Hwilliamac@gmail.com: Could not instantiate mail function.
[27-Oct-2025 23:02:08 America/Bogota] Error al enviar email de recuperación: SMTP Error: Could not authenticate.
[27-Oct-2025 23:02:42 America/Bogota]  Error: OlvideContrasenaModel no se pudo cargar. Ruta esperada: models/principal/OlvideContrasenaModel.php
[27-Oct-2025 23:02:51 America/Bogota]  Error: OlvideContrasenaModel no se pudo cargar. Ruta esperada: models/principal/OlvideContrasenaModel.php
[27-Oct-2025 23:02:52 America/Bogota] Intentando enviar email a: Hwilliamac@gmail.com
Asunto: Recuperación de Contraseña - StarHotelHub
Driver: smtp
SMTP Host: smtp.gmail.com
SMTP Port: 587
SMTP User: starhotelhub@gmail.com

[27-Oct-2025 23:02:55 America/Bogota] ✅ Email enviado exitosamente a: Hwilliamac@gmail.com
[27-Oct-2025 23:05:19 America/Bogota]  Error: OlvideContrasenaModel no se pudo cargar. Ruta esperada: models/principal/OlvideContrasenaModel.php
[27-Oct-2025 23:05:28 America/Bogota]  Error: OlvideContrasenaModel no se pudo cargar. Ruta esperada: models/principal/OlvideContrasenaModel.php
[27-Oct-2025 23:05:29 America/Bogota] Intentando enviar email a: Hwilliamac@gmail.com
Asunto: Recuperación de Contraseña - StarHotelHub
Driver: smtp
SMTP Host: smtp.gmail.com
SMTP Port: 587
SMTP User: starhotelhub@gmail.com

[27-Oct-2025 23:05:33 America/Bogota] ✅ Email enviado exitosamente a: Hwilliamac@gmail.com
[27-Oct-2025 23:39:18 America/Bogota]  Error: AdminModel no se pudo cargar. Ruta esperada: models/admin/AdminModel.php
[27-Oct-2025 23:39:19 America/Bogota]  Error: AdminModel no se pudo cargar. Ruta esperada: models/admin/AdminModel.php
[27-Oct-2025 23:39:26 America/Bogota]  Error: LogoutModel no se pudo cargar. Ruta esperada: models/principal/LogoutModel.php
[27-Oct-2025 23:40:03 America/Bogota]  Error: ClienteModel no se pudo cargar. Ruta esperada: models/principal/ClienteModel.php
[27-Oct-2025 23:40:11 America/Bogota]  Error: PerfilModel no se pudo cargar. Ruta esperada: models/principal/PerfilModel.php
[27-Oct-2025 23:40:23 America/Bogota]  Error: PerfilModel no se pudo cargar. Ruta esperada: models/principal/PerfilModel.php
[27-Oct-2025 23:40:23 America/Bogota]  Error: PerfilModel no se pudo cargar. Ruta esperada: models/principal/PerfilModel.php
[27-Oct-2025 23:40:27 America/Bogota]  Error: LogoutModel no se pudo cargar. Ruta esperada: models/principal/LogoutModel.php
[27-Oct-2025 23:40:55 America/Bogota]  Error: ClienteModel no se pudo cargar. Ruta esperada: models/principal/ClienteModel.php
